system   D            wsystem.c:583  maybe_parent_dir                 [   0.00094] Also searching C:\Users\crape\Desktop\Programmeren\Project_Github\SlimeVolley\
system   D            wsystem.c:633  _al_win_safe_load_library        [   0.00165] PathFindOnPath found: C:\WINDOWS\system32\d3d9.dll
system   D            wsystem.c:544  load_library_at_path             [   0.00179] Calling LoadLibrary C:\WINDOWS\system32\d3d9.dll
system   I            wsystem.c:547  load_library_at_path             [   0.00370] Loaded C:\WINDOWS\system32\d3d9.dll
d3d      I         d3d_disp.cpp:696  _al_d3d_init_display             [   0.01791] Render-to-texture: 1
system   I             system.c:252  al_install_system                [   0.01802] Allegro version: 5.0.10
dtor     D               dtor.c:184  _al_register_destructor          [   0.01894] added dtor for object 009961F0, func 711224CD
d3d      I         d3d_disp.cpp:1737 d3d_create_display_locked        [   0.02085] faux_fullscreen=0
d3d      D         d3d_disp.cpp:1738 d3d_create_display_locked        [   0.02089] al_display=00A004C0
d3d      D         d3d_disp.cpp:1739 d3d_create_display_locked        [   0.02090] al_display->vt=009A3C28
d3d      I d3d_display_formats.cpp:144  _al_d3d_generate_display_format_list [   0.02314] found 64 format combinations
display  D   display_settings.c:191  debug_display_settings           [   0.02317] color: 32 (rgba 8880), depth: 0, stencil: 0, acc: 0000, samples: 0/0
display  D   display_settings.c:506  _al_score_display_settings       [   0.02319] Score is : 897
display  D   display_settings.c:191  debug_display_settings           [   0.02320] color: 32 (rgba 8880), depth: 0, stencil: 0, acc: 0000, samples: 0/0
display  D   display_settings.c:506  _al_score_display_settings       [   0.02321] Score is : 897
display  D   display_settings.c:191  debug_display_settings           [   0.02321] color: 32 (rgba 8880), depth: 24, stencil: 8, acc: 0000, samples: 0/0
display  D   display_settings.c:506  _al_score_display_settings       [   0.02322] Score is : 897
display  D   display_settings.c:191  debug_display_settings           [   0.02323] color: 32 (rgba 8880), depth: 24, stencil: 8, acc: 0000, samples: 0/0
display  D   display_settings.c:506  _al_score_display_settings       [   0.02324] Score is : 897
display  D   display_settings.c:191  debug_display_settings           [   0.02325] color: 32 (rgba 8880), depth: 24, stencil: 0, acc: 0000, samples: 0/0
display  D   display_settings.c:506  _al_score_display_settings       [   0.02326] Score is : 897
display  D   display_settings.c:191  debug_display_settings           [   0.02327] color: 32 (rgba 8880), depth: 24, stencil: 0, acc: 0000, samples: 0/0
display  D   display_settings.c:506  _al_score_display_settings       [   0.02328] Score is : 897
display  D   display_settings.c:191  debug_display_settings           [   0.02329] color: 32 (rgba 8880), depth: 16, stencil: 0, acc: 0000, samples: 0/0
display  D   display_settings.c:506  _al_score_display_settings       [   0.02330] Score is : 897
display  D   display_settings.c:191  debug_display_settings           [   0.02330] color: 32 (rgba 8880), depth: 16, stencil: 0, acc: 0000, samples: 0/0
display  D   display_settings.c:506  _al_score_display_settings       [   0.02331] Score is : 897
display  D   display_settings.c:191  debug_display_settings           [   0.02332] color: 16 (rgba 5650), depth: 0, stencil: 0, acc: 0000, samples: 0/0
display  D   display_settings.c:506  _al_score_display_settings       [   0.02333] Score is : 897
display  D   display_settings.c:191  debug_display_settings           [   0.02334] color: 16 (rgba 5650), depth: 0, stencil: 0, acc: 0000, samples: 0/0
display  D   display_settings.c:506  _al_score_display_settings       [   0.02335] Score is : 897
display  D   display_settings.c:191  debug_display_settings           [   0.02336] color: 16 (rgba 5650), depth: 24, stencil: 8, acc: 0000, samples: 0/0
display  D   display_settings.c:506  _al_score_display_settings       [   0.02337] Score is : 897
display  D   display_settings.c:191  debug_display_settings           [   0.02342] color: 16 (rgba 5650), depth: 24, stencil: 8, acc: 0000, samples: 0/0
display  D   display_settings.c:506  _al_score_display_settings       [   0.02343] Score is : 897
display  D   display_settings.c:191  debug_display_settings           [   0.02344] color: 16 (rgba 5650), depth: 24, stencil: 0, acc: 0000, samples: 0/0
display  D   display_settings.c:506  _al_score_display_settings       [   0.02345] Score is : 897
display  D   display_settings.c:191  debug_display_settings           [   0.02346] color: 16 (rgba 5650), depth: 24, stencil: 0, acc: 0000, samples: 0/0
display  D   display_settings.c:506  _al_score_display_settings       [   0.02347] Score is : 897
display  D   display_settings.c:191  debug_display_settings           [   0.02347] color: 16 (rgba 5650), depth: 16, stencil: 0, acc: 0000, samples: 0/0
display  D   display_settings.c:506  _al_score_display_settings       [   0.02348] Score is : 897
display  D   display_settings.c:191  debug_display_settings           [   0.02349] color: 16 (rgba 5650), depth: 16, stencil: 0, acc: 0000, samples: 0/0
display  D   display_settings.c:506  _al_score_display_settings       [   0.02350] Score is : 897
display  D   display_settings.c:191  debug_display_settings           [   0.02351] color: 32 (rgba 8880), depth: 0, stencil: 0, acc: 0000, samples: 0/0
display  D   display_settings.c:377  _al_score_display_settings       [   0.02352] Single Buffer requirement not met.
display  D   display_settings.c:191  debug_display_settings           [   0.02353] color: 32 (rgba 8880), depth: 0, stencil: 0, acc: 0000, samples: 0/0
display  D   display_settings.c:377  _al_score_display_settings       [   0.02354] Single Buffer requirement not met.
display  D   display_settings.c:191  debug_display_settings           [   0.02355] color: 32 (rgba 8880), depth: 24, stencil: 8, acc: 0000, samples: 0/0
display  D   display_settings.c:377  _al_score_display_settings       [   0.02356] Single Buffer requirement not met.
display  D   display_settings.c:191  debug_display_settings           [   0.02356] color: 32 (rgba 8880), depth: 24, stencil: 8, acc: 0000, samples: 0/0
display  D   display_settings.c:377  _al_score_display_settings       [   0.02357] Single Buffer requirement not met.
display  D   display_settings.c:191  debug_display_settings           [   0.02358] color: 32 (rgba 8880), depth: 24, stencil: 0, acc: 0000, samples: 0/0
display  D   display_settings.c:377  _al_score_display_settings       [   0.02359] Single Buffer requirement not met.
display  D   display_settings.c:191  debug_display_settings           [   0.02360] color: 32 (rgba 8880), depth: 24, stencil: 0, acc: 0000, samples: 0/0
display  D   display_settings.c:377  _al_score_display_settings       [   0.02361] Single Buffer requirement not met.
display  D   display_settings.c:191  debug_display_settings           [   0.02362] color: 32 (rgba 8880), depth: 16, stencil: 0, acc: 0000, samples: 0/0
display  D   display_settings.c:377  _al_score_display_settings       [   0.02363] Single Buffer requirement not met.
display  D   display_settings.c:191  debug_display_settings           [   0.02364] color: 32 (rgba 8880), depth: 16, stencil: 0, acc: 0000, samples: 0/0
display  D   display_settings.c:377  _al_score_display_settings       [   0.02365] Single Buffer requirement not met.
display  D   display_settings.c:191  debug_display_settings           [   0.02366] color: 16 (rgba 5650), depth: 0, stencil: 0, acc: 0000, samples: 0/0
display  D   display_settings.c:377  _al_score_display_settings       [   0.02367] Single Buffer requirement not met.
display  D   display_settings.c:191  debug_display_settings           [   0.02367] color: 16 (rgba 5650), depth: 0, stencil: 0, acc: 0000, samples: 0/0
display  D   display_settings.c:377  _al_score_display_settings       [   0.02368] Single Buffer requirement not met.
display  D   display_settings.c:191  debug_display_settings           [   0.02369] color: 16 (rgba 5650), depth: 24, stencil: 8, acc: 0000, samples: 0/0
display  D   display_settings.c:377  _al_score_display_settings       [   0.02372] Single Buffer requirement not met.
display  D   display_settings.c:191  debug_display_settings           [   0.02373] color: 16 (rgba 5650), depth: 24, stencil: 8, acc: 0000, samples: 0/0
display  D   display_settings.c:377  _al_score_display_settings       [   0.02374] Single Buffer requirement not met.
display  D   display_settings.c:191  debug_display_settings           [   0.02375] color: 16 (rgba 5650), depth: 24, stencil: 0, acc: 0000, samples: 0/0
display  D   display_settings.c:377  _al_score_display_settings       [   0.02376] Single Buffer requirement not met.
display  D   display_settings.c:191  debug_display_settings           [   0.02377] color: 16 (rgba 5650), depth: 24, stencil: 0, acc: 0000, samples: 0/0
display  D   display_settings.c:377  _al_score_display_settings       [   0.02378] Single Buffer requirement not met.
display  D   display_settings.c:191  debug_display_settings           [   0.02379] color: 16 (rgba 5650), depth: 16, stencil: 0, acc: 0000, samples: 0/0
display  D   display_settings.c:377  _al_score_display_settings       [   0.02380] Single Buffer requirement not met.
display  D   display_settings.c:191  debug_display_settings           [   0.02380] color: 16 (rgba 5650), depth: 16, stencil: 0, acc: 0000, samples: 0/0
display  D   display_settings.c:377  _al_score_display_settings       [   0.02382] Single Buffer requirement not met.
display  D   display_settings.c:191  debug_display_settings           [   0.02384] color: 32 (rgba 8880), depth: 0, stencil: 0, acc: 0000, samples: 0/0
display  D   display_settings.c:506  _al_score_display_settings       [   0.02386] Score is : 769
display  D   display_settings.c:191  debug_display_settings           [   0.02386] color: 32 (rgba 8880), depth: 0, stencil: 0, acc: 0000, samples: 0/0
display  D   display_settings.c:506  _al_score_display_settings       [   0.02387] Score is : 769
display  D   display_settings.c:191  debug_display_settings           [   0.02388] color: 32 (rgba 8880), depth: 24, stencil: 8, acc: 0000, samples: 0/0
display  D   display_settings.c:506  _al_score_display_settings       [   0.02389] Score is : 769
display  D   display_settings.c:191  debug_display_settings           [   0.02391] color: 32 (rgba 8880), depth: 24, stencil: 8, acc: 0000, samples: 0/0
display  D   display_settings.c:506  _al_score_display_settings       [   0.02392] Score is : 769
display  D   display_settings.c:191  debug_display_settings           [   0.02393] color: 32 (rgba 8880), depth: 24, stencil: 0, acc: 0000, samples: 0/0
display  D   display_settings.c:506  _al_score_display_settings       [   0.02394] Score is : 769
display  D   display_settings.c:191  debug_display_settings           [   0.02395] color: 32 (rgba 8880), depth: 24, stencil: 0, acc: 0000, samples: 0/0
display  D   display_settings.c:506  _al_score_display_settings       [   0.02396] Score is : 769
display  D   display_settings.c:191  debug_display_settings           [   0.02397] color: 32 (rgba 8880), depth: 16, stencil: 0, acc: 0000, samples: 0/0
display  D   display_settings.c:506  _al_score_display_settings       [   0.02398] Score is : 769
display  D   display_settings.c:191  debug_display_settings           [   0.02398] color: 32 (rgba 8880), depth: 16, stencil: 0, acc: 0000, samples: 0/0
display  D   display_settings.c:506  _al_score_display_settings       [   0.02399] Score is : 769
display  D   display_settings.c:191  debug_display_settings           [   0.02400] color: 16 (rgba 5650), depth: 0, stencil: 0, acc: 0000, samples: 0/0
display  D   display_settings.c:506  _al_score_display_settings       [   0.02401] Score is : 769
display  D   display_settings.c:191  debug_display_settings           [   0.02402] color: 16 (rgba 5650), depth: 0, stencil: 0, acc: 0000, samples: 0/0
display  D   display_settings.c:506  _al_score_display_settings       [   0.02403] Score is : 769
display  D   display_settings.c:191  debug_display_settings           [   0.02404] color: 16 (rgba 5650), depth: 24, stencil: 8, acc: 0000, samples: 0/0
display  D   display_settings.c:506  _al_score_display_settings       [   0.02405] Score is : 769
display  D   display_settings.c:191  debug_display_settings           [   0.02406] color: 16 (rgba 5650), depth: 24, stencil: 8, acc: 0000, samples: 0/0
display  D   display_settings.c:506  _al_score_display_settings       [   0.02407] Score is : 769
display  D   display_settings.c:191  debug_display_settings           [   0.02408] color: 16 (rgba 5650), depth: 24, stencil: 0, acc: 0000, samples: 0/0
display  D   display_settings.c:506  _al_score_display_settings       [   0.02409] Score is : 769
display  D   display_settings.c:191  debug_display_settings           [   0.02409] color: 16 (rgba 5650), depth: 24, stencil: 0, acc: 0000, samples: 0/0
display  D   display_settings.c:506  _al_score_display_settings       [   0.02410] Score is : 769
display  D   display_settings.c:191  debug_display_settings           [   0.02411] color: 16 (rgba 5650), depth: 16, stencil: 0, acc: 0000, samples: 0/0
display  D   display_settings.c:506  _al_score_display_settings       [   0.02412] Score is : 769
display  D   display_settings.c:191  debug_display_settings           [   0.02413] color: 16 (rgba 5650), depth: 16, stencil: 0, acc: 0000, samples: 0/0
display  D   display_settings.c:506  _al_score_display_settings       [   0.02414] Score is : 769
display  D   display_settings.c:191  debug_display_settings           [   0.02415] color: 32 (rgba 8880), depth: 0, stencil: 0, acc: 0000, samples: 0/0
display  D   display_settings.c:377  _al_score_display_settings       [   0.02416] Single Buffer requirement not met.
display  D   display_settings.c:191  debug_display_settings           [   0.02417] color: 32 (rgba 8880), depth: 0, stencil: 0, acc: 0000, samples: 0/0
display  D   display_settings.c:377  _al_score_display_settings       [   0.02418] Single Buffer requirement not met.
display  D   display_settings.c:191  debug_display_settings           [   0.02419] color: 32 (rgba 8880), depth: 24, stencil: 8, acc: 0000, samples: 0/0
display  D   display_settings.c:377  _al_score_display_settings       [   0.02420] Single Buffer requirement not met.
display  D   display_settings.c:191  debug_display_settings           [   0.02420] color: 32 (rgba 8880), depth: 24, stencil: 8, acc: 0000, samples: 0/0
display  D   display_settings.c:377  _al_score_display_settings       [   0.02421] Single Buffer requirement not met.
display  D   display_settings.c:191  debug_display_settings           [   0.02422] color: 32 (rgba 8880), depth: 24, stencil: 0, acc: 0000, samples: 0/0
display  D   display_settings.c:377  _al_score_display_settings       [   0.02423] Single Buffer requirement not met.
display  D   display_settings.c:191  debug_display_settings           [   0.02424] color: 32 (rgba 8880), depth: 24, stencil: 0, acc: 0000, samples: 0/0
display  D   display_settings.c:377  _al_score_display_settings       [   0.02425] Single Buffer requirement not met.
display  D   display_settings.c:191  debug_display_settings           [   0.02426] color: 32 (rgba 8880), depth: 16, stencil: 0, acc: 0000, samples: 0/0
display  D   display_settings.c:377  _al_score_display_settings       [   0.02427] Single Buffer requirement not met.
display  D   display_settings.c:191  debug_display_settings           [   0.02428] color: 32 (rgba 8880), depth: 16, stencil: 0, acc: 0000, samples: 0/0
display  D   display_settings.c:377  _al_score_display_settings       [   0.02429] Single Buffer requirement not met.
display  D   display_settings.c:191  debug_display_settings           [   0.02430] color: 16 (rgba 5650), depth: 0, stencil: 0, acc: 0000, samples: 0/0
display  D   display_settings.c:377  _al_score_display_settings       [   0.02431] Single Buffer requirement not met.
display  D   display_settings.c:191  debug_display_settings           [   0.02431] color: 16 (rgba 5650), depth: 0, stencil: 0, acc: 0000, samples: 0/0
display  D   display_settings.c:377  _al_score_display_settings       [   0.02434] Single Buffer requirement not met.
display  D   display_settings.c:191  debug_display_settings           [   0.02435] color: 16 (rgba 5650), depth: 24, stencil: 8, acc: 0000, samples: 0/0
display  D   display_settings.c:377  _al_score_display_settings       [   0.02436] Single Buffer requirement not met.
display  D   display_settings.c:191  debug_display_settings           [   0.02437] color: 16 (rgba 5650), depth: 24, stencil: 8, acc: 0000, samples: 0/0
display  D   display_settings.c:377  _al_score_display_settings       [   0.02438] Single Buffer requirement not met.
display  D   display_settings.c:191  debug_display_settings           [   0.02439] color: 16 (rgba 5650), depth: 24, stencil: 0, acc: 0000, samples: 0/0
display  D   display_settings.c:377  _al_score_display_settings       [   0.02440] Single Buffer requirement not met.
display  D   display_settings.c:191  debug_display_settings           [   0.02441] color: 16 (rgba 5650), depth: 24, stencil: 0, acc: 0000, samples: 0/0
display  D   display_settings.c:377  _al_score_display_settings       [   0.02442] Single Buffer requirement not met.
display  D   display_settings.c:191  debug_display_settings           [   0.02442] color: 16 (rgba 5650), depth: 16, stencil: 0, acc: 0000, samples: 0/0
display  D   display_settings.c:377  _al_score_display_settings       [   0.02443] Single Buffer requirement not met.
display  D   display_settings.c:191  debug_display_settings           [   0.02444] color: 16 (rgba 5650), depth: 16, stencil: 0, acc: 0000, samples: 0/0
display  D   display_settings.c:377  _al_score_display_settings       [   0.02445] Single Buffer requirement not met.
d3d      D         d3d_disp.cpp:1645 d3d_create_display_internals     [   0.02448] Trying format 0.
d3d      I         d3d_disp.cpp:1326 d3d_display_thread_proc          [   0.02472] Chose a display format: 23
d3d      I         d3d_disp.cpp:1395 d3d_display_thread_proc          [   0.02475] Normal window.
d3d      I         d3d_disp.cpp:801  d3d_create_device                [   0.03696] Using no depth stencil buffer
d3d      D         d3d_disp.cpp:866  d3d_create_device                [   0.04493] BeginScene succeeded in create_device
d3d      D         d3d_disp.cpp:874  d3d_create_device                [   0.04496] Success
d3d      D         d3d_disp.cpp:1668 d3d_create_display_internals     [   0.04503] Resumed after wait.
d3d      I         d3d_disp.cpp:1701 d3d_create_display_internals     [   0.04507] Format 0 succeeded.
d3d      D         d3d_disp.cpp:1724 d3d_create_display_internals     [   0.04509] Returning d3d_display: 00A004C0
d3d      D         d3d_disp.cpp:1749 d3d_create_display_locked        [   0.04510] al_display=00A004C0
d3d      D         d3d_disp.cpp:1750 d3d_create_display_locked        [   0.04511] al_display->vt=009A3C28
dtor     D               dtor.c:184  _al_register_destructor          [   0.04705] added dtor for object 009CE138, func 711227A7
bitmap   W          bitmap_io.c:222  al_load_bitmap                   [   0.04720] Failed loading ./assets/images/none.png with .png handler.
d3d      D         d3d_disp.cpp:1166 real_choose_bitmap_format        [   0.04831] Fake format
d3d      D         d3d_disp.cpp:1166 real_choose_bitmap_format        [   0.04833] Fake format
d3d      D         d3d_disp.cpp:1166 real_choose_bitmap_format        [   0.04834] Fake format
d3d      D         d3d_disp.cpp:1166 real_choose_bitmap_format        [   0.04835] Fake format
d3d      D         d3d_disp.cpp:1166 real_choose_bitmap_format        [   0.04835] Fake format
d3d      D         d3d_disp.cpp:1166 real_choose_bitmap_format        [   0.04836] Fake format
d3d      D         d3d_disp.cpp:1166 real_choose_bitmap_format        [   0.04837] Fake format
d3d      D         d3d_disp.cpp:1166 real_choose_bitmap_format        [   0.04838] Fake format
d3d      D         d3d_disp.cpp:1166 real_choose_bitmap_format        [   0.04838] Fake format
d3d      D         d3d_disp.cpp:1174 real_choose_bitmap_format        [   0.04839] Alpha doesn't match
d3d      D         d3d_disp.cpp:1181 real_choose_bitmap_format        [   0.04840] Adapter format is 23
d3d      D         d3d_disp.cpp:1184 real_choose_bitmap_format        [   0.04841] Found a format
d3d      I         d3d_disp.cpp:2283 _al_d3d_create_bitmap            [   0.04842] Chose bitmap format 9
dtor     D               dtor.c:184  _al_register_destructor          [   0.04857] added dtor for object 06F19F20, func 71122590
d3d      D          d3d_bmp.cpp:467  _al_d3d_sync_bitmap              [   0.04919] _al_d3d_sync_bitmap (system) ref count == 1
d3d      D          d3d_bmp.cpp:473  _al_d3d_sync_bitmap              [   0.04924] _al_d3d_sync_bitmap (video) ref count == 1
d3d      D         d3d_disp.cpp:1166 real_choose_bitmap_format        [   0.05035] Fake format
d3d      D         d3d_disp.cpp:1166 real_choose_bitmap_format        [   0.05038] Fake format
d3d      D         d3d_disp.cpp:1166 real_choose_bitmap_format        [   0.05039] Fake format
d3d      D         d3d_disp.cpp:1166 real_choose_bitmap_format        [   0.05040] Fake format
d3d      D         d3d_disp.cpp:1166 real_choose_bitmap_format        [   0.05041] Fake format
d3d      D         d3d_disp.cpp:1166 real_choose_bitmap_format        [   0.05042] Fake format
d3d      D         d3d_disp.cpp:1166 real_choose_bitmap_format        [   0.05043] Fake format
d3d      D         d3d_disp.cpp:1166 real_choose_bitmap_format        [   0.05044] Fake format
d3d      D         d3d_disp.cpp:1166 real_choose_bitmap_format        [   0.05045] Fake format
d3d      D         d3d_disp.cpp:1174 real_choose_bitmap_format        [   0.05046] Alpha doesn't match
d3d      D         d3d_disp.cpp:1181 real_choose_bitmap_format        [   0.05047] Adapter format is 23
d3d      D         d3d_disp.cpp:1184 real_choose_bitmap_format        [   0.05049] Found a format
d3d      I         d3d_disp.cpp:2283 _al_d3d_create_bitmap            [   0.05050] Chose bitmap format 9
dtor     D               dtor.c:184  _al_register_destructor          [   0.05107] added dtor for object 06F1A020, func 71122590
d3d      D          d3d_bmp.cpp:467  _al_d3d_sync_bitmap              [   0.05534] _al_d3d_sync_bitmap (system) ref count == 1
d3d      D          d3d_bmp.cpp:473  _al_d3d_sync_bitmap              [   0.05539] _al_d3d_sync_bitmap (video) ref count == 1
d3d      D         d3d_disp.cpp:1166 real_choose_bitmap_format        [   0.06253] Fake format
d3d      D         d3d_disp.cpp:1166 real_choose_bitmap_format        [   0.06256] Fake format
d3d      D         d3d_disp.cpp:1166 real_choose_bitmap_format        [   0.06257] Fake format
d3d      D         d3d_disp.cpp:1166 real_choose_bitmap_format        [   0.06257] Fake format
d3d      D         d3d_disp.cpp:1166 real_choose_bitmap_format        [   0.06258] Fake format
d3d      D         d3d_disp.cpp:1166 real_choose_bitmap_format        [   0.06259] Fake format
d3d      D         d3d_disp.cpp:1166 real_choose_bitmap_format        [   0.06260] Fake format
d3d      D         d3d_disp.cpp:1166 real_choose_bitmap_format        [   0.06260] Fake format
d3d      D         d3d_disp.cpp:1166 real_choose_bitmap_format        [   0.06261] Fake format
d3d      D         d3d_disp.cpp:1174 real_choose_bitmap_format        [   0.06262] Alpha doesn't match
d3d      D         d3d_disp.cpp:1181 real_choose_bitmap_format        [   0.06263] Adapter format is 23
d3d      D         d3d_disp.cpp:1184 real_choose_bitmap_format        [   0.06264] Found a format
d3d      I         d3d_disp.cpp:2283 _al_d3d_create_bitmap            [   0.06264] Chose bitmap format 9
dtor     D               dtor.c:184  _al_register_destructor          [   0.06312] added dtor for object 00983310, func 71122590
d3d      D          d3d_bmp.cpp:467  _al_d3d_sync_bitmap              [   0.06640] _al_d3d_sync_bitmap (system) ref count == 1
d3d      D          d3d_bmp.cpp:473  _al_d3d_sync_bitmap              [   0.06645] _al_d3d_sync_bitmap (video) ref count == 1
d3d      D         d3d_disp.cpp:1166 real_choose_bitmap_format        [   0.07423] Fake format
d3d      D         d3d_disp.cpp:1166 real_choose_bitmap_format        [   0.07425] Fake format
d3d      D         d3d_disp.cpp:1166 real_choose_bitmap_format        [   0.07426] Fake format
d3d      D         d3d_disp.cpp:1166 real_choose_bitmap_format        [   0.07427] Fake format
d3d      D         d3d_disp.cpp:1166 real_choose_bitmap_format        [   0.07427] Fake format
d3d      D         d3d_disp.cpp:1166 real_choose_bitmap_format        [   0.07428] Fake format
d3d      D         d3d_disp.cpp:1166 real_choose_bitmap_format        [   0.07429] Fake format
d3d      D         d3d_disp.cpp:1166 real_choose_bitmap_format        [   0.07430] Fake format
d3d      D         d3d_disp.cpp:1166 real_choose_bitmap_format        [   0.07430] Fake format
d3d      D         d3d_disp.cpp:1174 real_choose_bitmap_format        [   0.07431] Alpha doesn't match
d3d      D         d3d_disp.cpp:1181 real_choose_bitmap_format        [   0.07432] Adapter format is 23
d3d      D         d3d_disp.cpp:1184 real_choose_bitmap_format        [   0.07433] Found a format
d3d      I         d3d_disp.cpp:2283 _al_d3d_create_bitmap            [   0.07434] Chose bitmap format 9
dtor     D               dtor.c:184  _al_register_destructor          [   0.07481] added dtor for object 00983410, func 71122590
d3d      D          d3d_bmp.cpp:467  _al_d3d_sync_bitmap              [   0.07839] _al_d3d_sync_bitmap (system) ref count == 1
d3d      D          d3d_bmp.cpp:473  _al_d3d_sync_bitmap              [   0.07843] _al_d3d_sync_bitmap (video) ref count == 1
d3d      D         d3d_disp.cpp:1166 real_choose_bitmap_format        [   0.08665] Fake format
d3d      D         d3d_disp.cpp:1166 real_choose_bitmap_format        [   0.08668] Fake format
d3d      D         d3d_disp.cpp:1166 real_choose_bitmap_format        [   0.08669] Fake format
d3d      D         d3d_disp.cpp:1166 real_choose_bitmap_format        [   0.08671] Fake format
d3d      D         d3d_disp.cpp:1166 real_choose_bitmap_format        [   0.08672] Fake format
d3d      D         d3d_disp.cpp:1166 real_choose_bitmap_format        [   0.08673] Fake format
d3d      D         d3d_disp.cpp:1166 real_choose_bitmap_format        [   0.08674] Fake format
d3d      D         d3d_disp.cpp:1166 real_choose_bitmap_format        [   0.08675] Fake format
d3d      D         d3d_disp.cpp:1166 real_choose_bitmap_format        [   0.08676] Fake format
d3d      D         d3d_disp.cpp:1174 real_choose_bitmap_format        [   0.08677] Alpha doesn't match
d3d      D         d3d_disp.cpp:1181 real_choose_bitmap_format        [   0.08678] Adapter format is 23
d3d      D         d3d_disp.cpp:1184 real_choose_bitmap_format        [   0.08680] Found a format
d3d      I         d3d_disp.cpp:2283 _al_d3d_create_bitmap            [   0.08681] Chose bitmap format 9
dtor     D               dtor.c:184  _al_register_destructor          [   0.08694] added dtor for object 06F1A958, func 71122590
d3d      D          d3d_bmp.cpp:467  _al_d3d_sync_bitmap              [   0.08729] _al_d3d_sync_bitmap (system) ref count == 1
d3d      D          d3d_bmp.cpp:473  _al_d3d_sync_bitmap              [   0.08731] _al_d3d_sync_bitmap (video) ref count == 1
d3d      D         d3d_disp.cpp:1166 real_choose_bitmap_format        [   0.08826] Fake format
d3d      D         d3d_disp.cpp:1166 real_choose_bitmap_format        [   0.08828] Fake format
d3d      D         d3d_disp.cpp:1166 real_choose_bitmap_format        [   0.08829] Fake format
d3d      D         d3d_disp.cpp:1166 real_choose_bitmap_format        [   0.08830] Fake format
d3d      D         d3d_disp.cpp:1166 real_choose_bitmap_format        [   0.08830] Fake format
d3d      D         d3d_disp.cpp:1166 real_choose_bitmap_format        [   0.08831] Fake format
d3d      D         d3d_disp.cpp:1166 real_choose_bitmap_format        [   0.08832] Fake format
d3d      D         d3d_disp.cpp:1166 real_choose_bitmap_format        [   0.08833] Fake format
d3d      D         d3d_disp.cpp:1166 real_choose_bitmap_format        [   0.08834] Fake format
d3d      D         d3d_disp.cpp:1174 real_choose_bitmap_format        [   0.08835] Alpha doesn't match
d3d      D         d3d_disp.cpp:1181 real_choose_bitmap_format        [   0.08836] Adapter format is 23
d3d      D         d3d_disp.cpp:1184 real_choose_bitmap_format        [   0.08836] Found a format
d3d      I         d3d_disp.cpp:2283 _al_d3d_create_bitmap            [   0.08837] Chose bitmap format 9
dtor     D               dtor.c:184  _al_register_destructor          [   0.08846] added dtor for object 06F1AD78, func 71122590
d3d      D          d3d_bmp.cpp:467  _al_d3d_sync_bitmap              [   0.08861] _al_d3d_sync_bitmap (system) ref count == 1
d3d      D          d3d_bmp.cpp:473  _al_d3d_sync_bitmap              [   0.08863] _al_d3d_sync_bitmap (video) ref count == 1
d3d      D         d3d_disp.cpp:1166 real_choose_bitmap_format        [   0.08946] Fake format
d3d      D         d3d_disp.cpp:1166 real_choose_bitmap_format        [   0.08948] Fake format
d3d      D         d3d_disp.cpp:1166 real_choose_bitmap_format        [   0.08948] Fake format
d3d      D         d3d_disp.cpp:1166 real_choose_bitmap_format        [   0.08949] Fake format
d3d      D         d3d_disp.cpp:1166 real_choose_bitmap_format        [   0.08950] Fake format
d3d      D         d3d_disp.cpp:1166 real_choose_bitmap_format        [   0.08951] Fake format
d3d      D         d3d_disp.cpp:1166 real_choose_bitmap_format        [   0.08951] Fake format
d3d      D         d3d_disp.cpp:1166 real_choose_bitmap_format        [   0.08952] Fake format
d3d      D         d3d_disp.cpp:1166 real_choose_bitmap_format        [   0.08953] Fake format
d3d      D         d3d_disp.cpp:1174 real_choose_bitmap_format        [   0.08953] Alpha doesn't match
d3d      D         d3d_disp.cpp:1181 real_choose_bitmap_format        [   0.08954] Adapter format is 23
d3d      D         d3d_disp.cpp:1184 real_choose_bitmap_format        [   0.08955] Found a format
d3d      I         d3d_disp.cpp:2283 _al_d3d_create_bitmap            [   0.08956] Chose bitmap format 9
dtor     D               dtor.c:184  _al_register_destructor          [   0.08963] added dtor for object 06F1AE78, func 71122590
d3d      D          d3d_bmp.cpp:467  _al_d3d_sync_bitmap              [   0.08977] _al_d3d_sync_bitmap (system) ref count == 1
d3d      D          d3d_bmp.cpp:473  _al_d3d_sync_bitmap              [   0.08979] _al_d3d_sync_bitmap (video) ref count == 1
d3d      D         d3d_disp.cpp:1166 real_choose_bitmap_format        [   0.09075] Fake format
d3d      D         d3d_disp.cpp:1166 real_choose_bitmap_format        [   0.09076] Fake format
d3d      D         d3d_disp.cpp:1166 real_choose_bitmap_format        [   0.09077] Fake format
d3d      D         d3d_disp.cpp:1166 real_choose_bitmap_format        [   0.09078] Fake format
d3d      D         d3d_disp.cpp:1166 real_choose_bitmap_format        [   0.09078] Fake format
d3d      D         d3d_disp.cpp:1166 real_choose_bitmap_format        [   0.09079] Fake format
d3d      D         d3d_disp.cpp:1166 real_choose_bitmap_format        [   0.09080] Fake format
d3d      D         d3d_disp.cpp:1166 real_choose_bitmap_format        [   0.09081] Fake format
d3d      D         d3d_disp.cpp:1166 real_choose_bitmap_format        [   0.09081] Fake format
d3d      D         d3d_disp.cpp:1174 real_choose_bitmap_format        [   0.09082] Alpha doesn't match
d3d      D         d3d_disp.cpp:1181 real_choose_bitmap_format        [   0.09083] Adapter format is 23
d3d      D         d3d_disp.cpp:1184 real_choose_bitmap_format        [   0.09084] Found a format
d3d      I         d3d_disp.cpp:2283 _al_d3d_create_bitmap            [   0.09084] Chose bitmap format 9
dtor     D               dtor.c:184  _al_register_destructor          [   0.09092] added dtor for object 00A6E720, func 71122590
d3d      D          d3d_bmp.cpp:467  _al_d3d_sync_bitmap              [   0.09099] _al_d3d_sync_bitmap (system) ref count == 1
d3d      D          d3d_bmp.cpp:473  _al_d3d_sync_bitmap              [   0.09104] _al_d3d_sync_bitmap (video) ref count == 1
d3d      D         d3d_disp.cpp:1166 real_choose_bitmap_format        [   0.09203] Fake format
d3d      D         d3d_disp.cpp:1166 real_choose_bitmap_format        [   0.09205] Fake format
d3d      D         d3d_disp.cpp:1166 real_choose_bitmap_format        [   0.09205] Fake format
d3d      D         d3d_disp.cpp:1166 real_choose_bitmap_format        [   0.09206] Fake format
d3d      D         d3d_disp.cpp:1166 real_choose_bitmap_format        [   0.09207] Fake format
d3d      D         d3d_disp.cpp:1166 real_choose_bitmap_format        [   0.09208] Fake format
d3d      D         d3d_disp.cpp:1166 real_choose_bitmap_format        [   0.09208] Fake format
d3d      D         d3d_disp.cpp:1166 real_choose_bitmap_format        [   0.09209] Fake format
d3d      D         d3d_disp.cpp:1166 real_choose_bitmap_format        [   0.09210] Fake format
d3d      D         d3d_disp.cpp:1174 real_choose_bitmap_format        [   0.09211] Alpha doesn't match
d3d      D         d3d_disp.cpp:1181 real_choose_bitmap_format        [   0.09211] Adapter format is 23
d3d      D         d3d_disp.cpp:1184 real_choose_bitmap_format        [   0.09212] Found a format
d3d      I         d3d_disp.cpp:2283 _al_d3d_create_bitmap            [   0.09213] Chose bitmap format 9
dtor     D               dtor.c:184  _al_register_destructor          [   0.09221] added dtor for object 00A6E5F8, func 71122590
d3d      D          d3d_bmp.cpp:467  _al_d3d_sync_bitmap              [   0.09235] _al_d3d_sync_bitmap (system) ref count == 1
d3d      D          d3d_bmp.cpp:473  _al_d3d_sync_bitmap              [   0.09236] _al_d3d_sync_bitmap (video) ref count == 1
d3d      D         d3d_disp.cpp:1166 real_choose_bitmap_format        [   0.09361] Fake format
d3d      D         d3d_disp.cpp:1166 real_choose_bitmap_format        [   0.09363] Fake format
d3d      D         d3d_disp.cpp:1166 real_choose_bitmap_format        [   0.09364] Fake format
d3d      D         d3d_disp.cpp:1166 real_choose_bitmap_format        [   0.09364] Fake format
d3d      D         d3d_disp.cpp:1166 real_choose_bitmap_format        [   0.09365] Fake format
d3d      D         d3d_disp.cpp:1166 real_choose_bitmap_format        [   0.09366] Fake format
d3d      D         d3d_disp.cpp:1166 real_choose_bitmap_format        [   0.09366] Fake format
d3d      D         d3d_disp.cpp:1166 real_choose_bitmap_format        [   0.09367] Fake format
d3d      D         d3d_disp.cpp:1166 real_choose_bitmap_format        [   0.09368] Fake format
d3d      D         d3d_disp.cpp:1174 real_choose_bitmap_format        [   0.09369] Alpha doesn't match
d3d      D         d3d_disp.cpp:1181 real_choose_bitmap_format        [   0.09369] Adapter format is 23
d3d      D         d3d_disp.cpp:1184 real_choose_bitmap_format        [   0.09370] Found a format
d3d      I         d3d_disp.cpp:2283 _al_d3d_create_bitmap            [   0.09371] Chose bitmap format 9
dtor     D               dtor.c:184  _al_register_destructor          [   0.09380] added dtor for object 00A6EE08, func 71122590
d3d      D          d3d_bmp.cpp:467  _al_d3d_sync_bitmap              [   0.09392] _al_d3d_sync_bitmap (system) ref count == 1
d3d      D          d3d_bmp.cpp:473  _al_d3d_sync_bitmap              [   0.09393] _al_d3d_sync_bitmap (video) ref count == 1
d3d      D         d3d_disp.cpp:1166 real_choose_bitmap_format        [   0.09487] Fake format
d3d      D         d3d_disp.cpp:1166 real_choose_bitmap_format        [   0.09488] Fake format
d3d      D         d3d_disp.cpp:1166 real_choose_bitmap_format        [   0.09489] Fake format
d3d      D         d3d_disp.cpp:1166 real_choose_bitmap_format        [   0.09490] Fake format
d3d      D         d3d_disp.cpp:1166 real_choose_bitmap_format        [   0.09491] Fake format
d3d      D         d3d_disp.cpp:1166 real_choose_bitmap_format        [   0.09493] Fake format
d3d      D         d3d_disp.cpp:1166 real_choose_bitmap_format        [   0.09494] Fake format
d3d      D         d3d_disp.cpp:1166 real_choose_bitmap_format        [   0.09495] Fake format
d3d      D         d3d_disp.cpp:1166 real_choose_bitmap_format        [   0.09495] Fake format
d3d      D         d3d_disp.cpp:1174 real_choose_bitmap_format        [   0.09496] Alpha doesn't match
d3d      D         d3d_disp.cpp:1181 real_choose_bitmap_format        [   0.09497] Adapter format is 23
d3d      D         d3d_disp.cpp:1184 real_choose_bitmap_format        [   0.09498] Found a format
d3d      I         d3d_disp.cpp:2283 _al_d3d_create_bitmap            [   0.09499] Chose bitmap format 9
dtor     D               dtor.c:184  _al_register_destructor          [   0.09508] added dtor for object 00A6EF08, func 71122590
d3d      D          d3d_bmp.cpp:467  _al_d3d_sync_bitmap              [   0.09519] _al_d3d_sync_bitmap (system) ref count == 1
d3d      D          d3d_bmp.cpp:473  _al_d3d_sync_bitmap              [   0.09521] _al_d3d_sync_bitmap (video) ref count == 1
d3d      D         d3d_disp.cpp:1166 real_choose_bitmap_format        [   0.09604] Fake format
d3d      D         d3d_disp.cpp:1166 real_choose_bitmap_format        [   0.09606] Fake format
d3d      D         d3d_disp.cpp:1166 real_choose_bitmap_format        [   0.09606] Fake format
d3d      D         d3d_disp.cpp:1166 real_choose_bitmap_format        [   0.09607] Fake format
d3d      D         d3d_disp.cpp:1166 real_choose_bitmap_format        [   0.09608] Fake format
d3d      D         d3d_disp.cpp:1166 real_choose_bitmap_format        [   0.09609] Fake format
d3d      D         d3d_disp.cpp:1166 real_choose_bitmap_format        [   0.09609] Fake format
d3d      D         d3d_disp.cpp:1166 real_choose_bitmap_format        [   0.09610] Fake format
d3d      D         d3d_disp.cpp:1166 real_choose_bitmap_format        [   0.09611] Fake format
d3d      D         d3d_disp.cpp:1174 real_choose_bitmap_format        [   0.09612] Alpha doesn't match
d3d      D         d3d_disp.cpp:1181 real_choose_bitmap_format        [   0.09612] Adapter format is 23
d3d      D         d3d_disp.cpp:1184 real_choose_bitmap_format        [   0.09613] Found a format
d3d      I         d3d_disp.cpp:2283 _al_d3d_create_bitmap            [   0.09614] Chose bitmap format 9
dtor     D               dtor.c:184  _al_register_destructor          [   0.09621] added dtor for object 06F36EC8, func 71122590
d3d      D          d3d_bmp.cpp:467  _al_d3d_sync_bitmap              [   0.09631] _al_d3d_sync_bitmap (system) ref count == 1
d3d      D          d3d_bmp.cpp:473  _al_d3d_sync_bitmap              [   0.09632] _al_d3d_sync_bitmap (video) ref count == 1
d3d      D         d3d_disp.cpp:1166 real_choose_bitmap_format        [   0.09716] Fake format
d3d      D         d3d_disp.cpp:1166 real_choose_bitmap_format        [   0.09718] Fake format
d3d      D         d3d_disp.cpp:1166 real_choose_bitmap_format        [   0.09719] Fake format
d3d      D         d3d_disp.cpp:1166 real_choose_bitmap_format        [   0.09720] Fake format
d3d      D         d3d_disp.cpp:1166 real_choose_bitmap_format        [   0.09720] Fake format
d3d      D         d3d_disp.cpp:1166 real_choose_bitmap_format        [   0.09721] Fake format
d3d      D         d3d_disp.cpp:1166 real_choose_bitmap_format        [   0.09722] Fake format
d3d      D         d3d_disp.cpp:1166 real_choose_bitmap_format        [   0.09723] Fake format
d3d      D         d3d_disp.cpp:1166 real_choose_bitmap_format        [   0.09724] Fake format
d3d      D         d3d_disp.cpp:1174 real_choose_bitmap_format        [   0.09724] Alpha doesn't match
d3d      D         d3d_disp.cpp:1181 real_choose_bitmap_format        [   0.09725] Adapter format is 23
d3d      D         d3d_disp.cpp:1184 real_choose_bitmap_format        [   0.09726] Found a format
d3d      I         d3d_disp.cpp:2283 _al_d3d_create_bitmap            [   0.09727] Chose bitmap format 9
dtor     D               dtor.c:184  _al_register_destructor          [   0.09737] added dtor for object 06F57978, func 71122590
d3d      D          d3d_bmp.cpp:467  _al_d3d_sync_bitmap              [   0.09746] _al_d3d_sync_bitmap (system) ref count == 1
d3d      D          d3d_bmp.cpp:473  _al_d3d_sync_bitmap              [   0.09747] _al_d3d_sync_bitmap (video) ref count == 1
d3d      D         d3d_disp.cpp:1166 real_choose_bitmap_format        [   0.09826] Fake format
d3d      D         d3d_disp.cpp:1166 real_choose_bitmap_format        [   0.09827] Fake format
d3d      D         d3d_disp.cpp:1166 real_choose_bitmap_format        [   0.09828] Fake format
d3d      D         d3d_disp.cpp:1166 real_choose_bitmap_format        [   0.09829] Fake format
d3d      D         d3d_disp.cpp:1166 real_choose_bitmap_format        [   0.09830] Fake format
d3d      D         d3d_disp.cpp:1166 real_choose_bitmap_format        [   0.09830] Fake format
d3d      D         d3d_disp.cpp:1166 real_choose_bitmap_format        [   0.09831] Fake format
d3d      D         d3d_disp.cpp:1166 real_choose_bitmap_format        [   0.09832] Fake format
d3d      D         d3d_disp.cpp:1166 real_choose_bitmap_format        [   0.09833] Fake format
d3d      D         d3d_disp.cpp:1174 real_choose_bitmap_format        [   0.09833] Alpha doesn't match
d3d      D         d3d_disp.cpp:1181 real_choose_bitmap_format        [   0.09834] Adapter format is 23
d3d      D         d3d_disp.cpp:1184 real_choose_bitmap_format        [   0.09835] Found a format
d3d      I         d3d_disp.cpp:2283 _al_d3d_create_bitmap            [   0.09836] Chose bitmap format 9
dtor     D               dtor.c:184  _al_register_destructor          [   0.09843] added dtor for object 06F5D368, func 71122590
d3d      D          d3d_bmp.cpp:467  _al_d3d_sync_bitmap              [   0.09853] _al_d3d_sync_bitmap (system) ref count == 1
d3d      D          d3d_bmp.cpp:473  _al_d3d_sync_bitmap              [   0.09854] _al_d3d_sync_bitmap (video) ref count == 1
d3d      D         d3d_disp.cpp:1166 real_choose_bitmap_format        [   0.09928] Fake format
d3d      D         d3d_disp.cpp:1166 real_choose_bitmap_format        [   0.09929] Fake format
d3d      D         d3d_disp.cpp:1166 real_choose_bitmap_format        [   0.09930] Fake format
d3d      D         d3d_disp.cpp:1166 real_choose_bitmap_format        [   0.09931] Fake format
d3d      D         d3d_disp.cpp:1166 real_choose_bitmap_format        [   0.09931] Fake format
d3d      D         d3d_disp.cpp:1166 real_choose_bitmap_format        [   0.09932] Fake format
d3d      D         d3d_disp.cpp:1166 real_choose_bitmap_format        [   0.09933] Fake format
d3d      D         d3d_disp.cpp:1166 real_choose_bitmap_format        [   0.09933] Fake format
d3d      D         d3d_disp.cpp:1166 real_choose_bitmap_format        [   0.09934] Fake format
d3d      D         d3d_disp.cpp:1174 real_choose_bitmap_format        [   0.09935] Alpha doesn't match
d3d      D         d3d_disp.cpp:1181 real_choose_bitmap_format        [   0.09936] Adapter format is 23
d3d      D         d3d_disp.cpp:1184 real_choose_bitmap_format        [   0.09937] Found a format
d3d      I         d3d_disp.cpp:2283 _al_d3d_create_bitmap            [   0.09937] Chose bitmap format 9
dtor     D               dtor.c:184  _al_register_destructor          [   0.09945] added dtor for object 06F60578, func 71122590
d3d      D          d3d_bmp.cpp:467  _al_d3d_sync_bitmap              [   0.09955] _al_d3d_sync_bitmap (system) ref count == 1
d3d      D          d3d_bmp.cpp:473  _al_d3d_sync_bitmap              [   0.09956] _al_d3d_sync_bitmap (video) ref count == 1
d3d      D         d3d_disp.cpp:1166 real_choose_bitmap_format        [   0.10028] Fake format
d3d      D         d3d_disp.cpp:1166 real_choose_bitmap_format        [   0.10029] Fake format
d3d      D         d3d_disp.cpp:1166 real_choose_bitmap_format        [   0.10030] Fake format
d3d      D         d3d_disp.cpp:1166 real_choose_bitmap_format        [   0.10031] Fake format
d3d      D         d3d_disp.cpp:1166 real_choose_bitmap_format        [   0.10032] Fake format
d3d      D         d3d_disp.cpp:1166 real_choose_bitmap_format        [   0.10033] Fake format
d3d      D         d3d_disp.cpp:1166 real_choose_bitmap_format        [   0.10034] Fake format
d3d      D         d3d_disp.cpp:1166 real_choose_bitmap_format        [   0.10035] Fake format
d3d      D         d3d_disp.cpp:1166 real_choose_bitmap_format        [   0.10036] Fake format
d3d      D         d3d_disp.cpp:1174 real_choose_bitmap_format        [   0.10037] Alpha doesn't match
d3d      D         d3d_disp.cpp:1181 real_choose_bitmap_format        [   0.10038] Adapter format is 23
d3d      D         d3d_disp.cpp:1184 real_choose_bitmap_format        [   0.10039] Found a format
d3d      I         d3d_disp.cpp:2283 _al_d3d_create_bitmap            [   0.10039] Chose bitmap format 9
dtor     D               dtor.c:184  _al_register_destructor          [   0.10047] added dtor for object 06F5ED78, func 71122590
d3d      D          d3d_bmp.cpp:467  _al_d3d_sync_bitmap              [   0.10055] _al_d3d_sync_bitmap (system) ref count == 1
d3d      D          d3d_bmp.cpp:473  _al_d3d_sync_bitmap              [   0.10057] _al_d3d_sync_bitmap (video) ref count == 1
d3d      D         d3d_disp.cpp:1166 real_choose_bitmap_format        [   0.10379] Fake format
d3d      D         d3d_disp.cpp:1166 real_choose_bitmap_format        [   0.10381] Fake format
d3d      D         d3d_disp.cpp:1166 real_choose_bitmap_format        [   0.10382] Fake format
d3d      D         d3d_disp.cpp:1166 real_choose_bitmap_format        [   0.10383] Fake format
d3d      D         d3d_disp.cpp:1166 real_choose_bitmap_format        [   0.10384] Fake format
d3d      D         d3d_disp.cpp:1166 real_choose_bitmap_format        [   0.10384] Fake format
d3d      D         d3d_disp.cpp:1166 real_choose_bitmap_format        [   0.10385] Fake format
d3d      D         d3d_disp.cpp:1166 real_choose_bitmap_format        [   0.10386] Fake format
d3d      D         d3d_disp.cpp:1166 real_choose_bitmap_format        [   0.10387] Fake format
d3d      D         d3d_disp.cpp:1174 real_choose_bitmap_format        [   0.10388] Alpha doesn't match
d3d      D         d3d_disp.cpp:1181 real_choose_bitmap_format        [   0.10388] Adapter format is 23
d3d      D         d3d_disp.cpp:1184 real_choose_bitmap_format        [   0.10390] Found a format
d3d      I         d3d_disp.cpp:2283 _al_d3d_create_bitmap            [   0.10391] Chose bitmap format 9
dtor     D               dtor.c:184  _al_register_destructor          [   0.10401] added dtor for object 06F60178, func 71122590
d3d      D          d3d_bmp.cpp:467  _al_d3d_sync_bitmap              [   0.10414] _al_d3d_sync_bitmap (system) ref count == 1
d3d      D          d3d_bmp.cpp:473  _al_d3d_sync_bitmap              [   0.10416] _al_d3d_sync_bitmap (video) ref count == 1
d3d      D         d3d_disp.cpp:1166 real_choose_bitmap_format        [   0.10501] Fake format
d3d      D         d3d_disp.cpp:1166 real_choose_bitmap_format        [   0.10503] Fake format
d3d      D         d3d_disp.cpp:1166 real_choose_bitmap_format        [   0.10504] Fake format
d3d      D         d3d_disp.cpp:1166 real_choose_bitmap_format        [   0.10504] Fake format
d3d      D         d3d_disp.cpp:1166 real_choose_bitmap_format        [   0.10505] Fake format
d3d      D         d3d_disp.cpp:1166 real_choose_bitmap_format        [   0.10506] Fake format
d3d      D         d3d_disp.cpp:1166 real_choose_bitmap_format        [   0.10506] Fake format
d3d      D         d3d_disp.cpp:1166 real_choose_bitmap_format        [   0.10507] Fake format
d3d      D         d3d_disp.cpp:1166 real_choose_bitmap_format        [   0.10508] Fake format
d3d      D         d3d_disp.cpp:1174 real_choose_bitmap_format        [   0.10509] Alpha doesn't match
d3d      D         d3d_disp.cpp:1181 real_choose_bitmap_format        [   0.10510] Adapter format is 23
d3d      D         d3d_disp.cpp:1184 real_choose_bitmap_format        [   0.10512] Found a format
d3d      I         d3d_disp.cpp:2283 _al_d3d_create_bitmap            [   0.10513] Chose bitmap format 9
dtor     D               dtor.c:184  _al_register_destructor          [   0.10521] added dtor for object 06F5F178, func 71122590
d3d      D          d3d_bmp.cpp:467  _al_d3d_sync_bitmap              [   0.10531] _al_d3d_sync_bitmap (system) ref count == 1
d3d      D          d3d_bmp.cpp:473  _al_d3d_sync_bitmap              [   0.10533] _al_d3d_sync_bitmap (video) ref count == 1
d3d      D         d3d_disp.cpp:1166 real_choose_bitmap_format        [   0.10585] Fake format
d3d      D         d3d_disp.cpp:1166 real_choose_bitmap_format        [   0.10587] Fake format
d3d      D         d3d_disp.cpp:1166 real_choose_bitmap_format        [   0.10587] Fake format
d3d      D         d3d_disp.cpp:1166 real_choose_bitmap_format        [   0.10588] Fake format
d3d      D         d3d_disp.cpp:1166 real_choose_bitmap_format        [   0.10589] Fake format
d3d      D         d3d_disp.cpp:1166 real_choose_bitmap_format        [   0.10590] Fake format
d3d      D         d3d_disp.cpp:1166 real_choose_bitmap_format        [   0.10590] Fake format
d3d      D         d3d_disp.cpp:1166 real_choose_bitmap_format        [   0.10591] Fake format
d3d      D         d3d_disp.cpp:1166 real_choose_bitmap_format        [   0.10592] Fake format
d3d      D         d3d_disp.cpp:1174 real_choose_bitmap_format        [   0.10592] Alpha doesn't match
d3d      D         d3d_disp.cpp:1181 real_choose_bitmap_format        [   0.10593] Adapter format is 23
d3d      D         d3d_disp.cpp:1184 real_choose_bitmap_format        [   0.10594] Found a format
d3d      I         d3d_disp.cpp:2283 _al_d3d_create_bitmap            [   0.10595] Chose bitmap format 9
dtor     D               dtor.c:184  _al_register_destructor          [   0.10601] added dtor for object 06F5EF78, func 71122590
d3d      D          d3d_bmp.cpp:467  _al_d3d_sync_bitmap              [   0.10964] _al_d3d_sync_bitmap (system) ref count == 1
d3d      D          d3d_bmp.cpp:473  _al_d3d_sync_bitmap              [   0.10967] _al_d3d_sync_bitmap (video) ref count == 2
dtor     D               dtor.c:214  _al_unregister_destructor        [   0.11067] removed dtor for object 06F5EF78
d3d      W          d3d_bmp.cpp:743  d3d_destroy_bitmap               [   0.11069] d3d_destroy_bitmap: Release video texture failed.
d3d      D         d3d_disp.cpp:1166 real_choose_bitmap_format        [   0.11127] Fake format
d3d      D         d3d_disp.cpp:1166 real_choose_bitmap_format        [   0.11129] Fake format
d3d      D         d3d_disp.cpp:1166 real_choose_bitmap_format        [   0.11130] Fake format
d3d      D         d3d_disp.cpp:1166 real_choose_bitmap_format        [   0.11131] Fake format
d3d      D         d3d_disp.cpp:1166 real_choose_bitmap_format        [   0.11132] Fake format
d3d      D         d3d_disp.cpp:1166 real_choose_bitmap_format        [   0.11133] Fake format
d3d      D         d3d_disp.cpp:1166 real_choose_bitmap_format        [   0.11134] Fake format
d3d      D         d3d_disp.cpp:1166 real_choose_bitmap_format        [   0.11134] Fake format
d3d      D         d3d_disp.cpp:1166 real_choose_bitmap_format        [   0.11135] Fake format
d3d      D         d3d_disp.cpp:1174 real_choose_bitmap_format        [   0.11136] Alpha doesn't match
d3d      D         d3d_disp.cpp:1181 real_choose_bitmap_format        [   0.11137] Adapter format is 23
d3d      D         d3d_disp.cpp:1184 real_choose_bitmap_format        [   0.11138] Found a format
d3d      I         d3d_disp.cpp:2283 _al_d3d_create_bitmap            [   0.11138] Chose bitmap format 9
dtor     D               dtor.c:184  _al_register_destructor          [   0.11152] added dtor for object 06F5FE78, func 71122590
d3d      D          d3d_bmp.cpp:467  _al_d3d_sync_bitmap              [   0.11301] _al_d3d_sync_bitmap (system) ref count == 1
d3d      D          d3d_bmp.cpp:473  _al_d3d_sync_bitmap              [   0.11302] _al_d3d_sync_bitmap (video) ref count == 2
dtor     D               dtor.c:214  _al_unregister_destructor        [   0.11439] removed dtor for object 06F5FE78
d3d      W          d3d_bmp.cpp:743  d3d_destroy_bitmap               [   0.11441] d3d_destroy_bitmap: Release video texture failed.
font     D                ttf.c:792  al_load_ttf_font_stretch_f       [   0.11833] Font ./assets/fonts/digital.ttf loaded with pixel size 0 x 26.
font     D                ttf.c:794  al_load_ttf_font_stretch_f       [   0.11838]     ascent=19.0, descent=4.0, height=14.0
dtor     D               dtor.c:184  _al_register_destructor          [   0.11841] added dtor for object 06F89BC8, func 71121B36
d3d      D          d3d_bmp.cpp:467  _al_d3d_sync_bitmap              [   0.12060] _al_d3d_sync_bitmap (system) ref count == 1
d3d      D          d3d_bmp.cpp:473  _al_d3d_sync_bitmap              [   0.12064] _al_d3d_sync_bitmap (video) ref count == 1
d3d      D          d3d_bmp.cpp:467  _al_d3d_sync_bitmap              [   0.12107] _al_d3d_sync_bitmap (system) ref count == 1
d3d      D          d3d_bmp.cpp:473  _al_d3d_sync_bitmap              [   0.12109] _al_d3d_sync_bitmap (video) ref count == 1
d3d      D          d3d_bmp.cpp:467  _al_d3d_sync_bitmap              [   0.12261] _al_d3d_sync_bitmap (system) ref count == 1
d3d      D          d3d_bmp.cpp:473  _al_d3d_sync_bitmap              [   0.12264] _al_d3d_sync_bitmap (video) ref count == 1
d3d      D          d3d_bmp.cpp:467  _al_d3d_sync_bitmap              [   0.12424] _al_d3d_sync_bitmap (system) ref count == 1
d3d      D          d3d_bmp.cpp:473  _al_d3d_sync_bitmap              [   0.12426] _al_d3d_sync_bitmap (video) ref count == 1
d3d      D          d3d_bmp.cpp:467  _al_d3d_sync_bitmap              [   0.12587] _al_d3d_sync_bitmap (system) ref count == 1
d3d      D          d3d_bmp.cpp:473  _al_d3d_sync_bitmap              [   0.12590] _al_d3d_sync_bitmap (video) ref count == 1
d3d      D          d3d_bmp.cpp:467  _al_d3d_sync_bitmap              [   0.12643] _al_d3d_sync_bitmap (system) ref count == 1
d3d      D          d3d_bmp.cpp:473  _al_d3d_sync_bitmap              [   0.12646] _al_d3d_sync_bitmap (video) ref count == 1
d3d      D          d3d_bmp.cpp:467  _al_d3d_sync_bitmap              [   0.12692] _al_d3d_sync_bitmap (system) ref count == 1
d3d      D          d3d_bmp.cpp:473  _al_d3d_sync_bitmap              [   0.12694] _al_d3d_sync_bitmap (video) ref count == 1
d3d      D          d3d_bmp.cpp:467  _al_d3d_sync_bitmap              [   0.12745] _al_d3d_sync_bitmap (system) ref count == 1
d3d      D          d3d_bmp.cpp:473  _al_d3d_sync_bitmap              [   0.12747] _al_d3d_sync_bitmap (video) ref count == 1
d3d      D          d3d_bmp.cpp:467  _al_d3d_sync_bitmap              [   0.12792] _al_d3d_sync_bitmap (system) ref count == 1
d3d      D          d3d_bmp.cpp:473  _al_d3d_sync_bitmap              [   0.12793] _al_d3d_sync_bitmap (video) ref count == 1
d3d      D          d3d_bmp.cpp:467  _al_d3d_sync_bitmap              [   0.12844] _al_d3d_sync_bitmap (system) ref count == 1
d3d      D          d3d_bmp.cpp:473  _al_d3d_sync_bitmap              [   0.12847] _al_d3d_sync_bitmap (video) ref count == 1
d3d      D          d3d_bmp.cpp:467  _al_d3d_sync_bitmap              [   0.12892] _al_d3d_sync_bitmap (system) ref count == 1
d3d      D          d3d_bmp.cpp:473  _al_d3d_sync_bitmap              [   0.12894] _al_d3d_sync_bitmap (video) ref count == 1
d3d      D          d3d_bmp.cpp:467  _al_d3d_sync_bitmap              [   0.12946] _al_d3d_sync_bitmap (system) ref count == 1
d3d      D          d3d_bmp.cpp:473  _al_d3d_sync_bitmap              [   0.12948] _al_d3d_sync_bitmap (video) ref count == 1
d3d      D          d3d_bmp.cpp:467  _al_d3d_sync_bitmap              [   0.12993] _al_d3d_sync_bitmap (system) ref count == 1
d3d      D          d3d_bmp.cpp:473  _al_d3d_sync_bitmap              [   0.12995] _al_d3d_sync_bitmap (video) ref count == 1
d3d      D          d3d_bmp.cpp:467  _al_d3d_sync_bitmap              [   0.13044] _al_d3d_sync_bitmap (system) ref count == 1
d3d      D          d3d_bmp.cpp:473  _al_d3d_sync_bitmap              [   0.13047] _al_d3d_sync_bitmap (video) ref count == 1
d3d      D          d3d_bmp.cpp:467  _al_d3d_sync_bitmap              [   0.13090] _al_d3d_sync_bitmap (system) ref count == 1
d3d      D          d3d_bmp.cpp:473  _al_d3d_sync_bitmap              [   0.13093] _al_d3d_sync_bitmap (video) ref count == 1
d3d      D          d3d_bmp.cpp:467  _al_d3d_sync_bitmap              [   0.13143] _al_d3d_sync_bitmap (system) ref count == 1
d3d      D          d3d_bmp.cpp:473  _al_d3d_sync_bitmap              [   0.13145] _al_d3d_sync_bitmap (video) ref count == 1
d3d      D          d3d_bmp.cpp:467  _al_d3d_sync_bitmap              [   0.13190] _al_d3d_sync_bitmap (system) ref count == 1
d3d      D          d3d_bmp.cpp:473  _al_d3d_sync_bitmap              [   0.13192] _al_d3d_sync_bitmap (video) ref count == 1
d3d      D          d3d_bmp.cpp:467  _al_d3d_sync_bitmap              [   0.13239] _al_d3d_sync_bitmap (system) ref count == 1
d3d      D          d3d_bmp.cpp:473  _al_d3d_sync_bitmap              [   0.13240] _al_d3d_sync_bitmap (video) ref count == 1
d3d      D         d3d_disp.cpp:1166 real_choose_bitmap_format        [   0.16620] Fake format
d3d      D         d3d_disp.cpp:1166 real_choose_bitmap_format        [   0.16622] Fake format
d3d      D         d3d_disp.cpp:1166 real_choose_bitmap_format        [   0.16623] Fake format
d3d      D         d3d_disp.cpp:1166 real_choose_bitmap_format        [   0.16624] Fake format
d3d      D         d3d_disp.cpp:1166 real_choose_bitmap_format        [   0.16625] Fake format
d3d      D         d3d_disp.cpp:1166 real_choose_bitmap_format        [   0.16626] Fake format
d3d      D         d3d_disp.cpp:1166 real_choose_bitmap_format        [   0.16627] Fake format
d3d      D         d3d_disp.cpp:1166 real_choose_bitmap_format        [   0.16628] Fake format
d3d      D         d3d_disp.cpp:1166 real_choose_bitmap_format        [   0.16629] Fake format
d3d      D         d3d_disp.cpp:1174 real_choose_bitmap_format        [   0.16630] Alpha doesn't match
d3d      D         d3d_disp.cpp:1181 real_choose_bitmap_format        [   0.16631] Adapter format is 23
d3d      D         d3d_disp.cpp:1184 real_choose_bitmap_format        [   0.16632] Found a format
d3d      I         d3d_disp.cpp:2283 _al_d3d_create_bitmap            [   0.16633] Chose bitmap format 9
font     D                ttf.c:217  alloc_glyph_region               [   0.16673] Glyph 54: 12x19 (12x20)
d3d      D          d3d_bmp.cpp:467  _al_d3d_sync_bitmap              [   0.16684] _al_d3d_sync_bitmap (system) ref count == 1
d3d      D          d3d_bmp.cpp:473  _al_d3d_sync_bitmap              [   0.16687] _al_d3d_sync_bitmap (video) ref count == 2
font     D                ttf.c:217  alloc_glyph_region               [   0.16780] Glyph 76: 4x19 (4x20)
font     D                ttf.c:217  alloc_glyph_region               [   0.16787] Glyph 81: 12x19 (12x20)
font     D                ttf.c:217  alloc_glyph_region               [   0.16793] Glyph 74: 12x19 (12x20)
font     D                ttf.c:217  alloc_glyph_region               [   0.16797] Glyph 79: 13x19 (16x20)
font     D                ttf.c:217  alloc_glyph_region               [   0.16802] Glyph 72: 12x19 (12x20)
font     D                ttf.c:217  alloc_glyph_region               [   0.16808] Glyph 83: 12x19 (12x20)
font     D                ttf.c:217  alloc_glyph_region               [   0.16815] Glyph 68: 12x19 (12x20)
font     D                ttf.c:217  alloc_glyph_region               [   0.16820] Glyph 92: 12x19 (12x20)
font     D                ttf.c:217  alloc_glyph_region               [   0.16827] Glyph 85: 12x19 (12x20)
font     D                ttf.c:217  alloc_glyph_region               [   0.16856] Glyph 48: 12x19 (12x20)
d3d      D          d3d_bmp.cpp:467  _al_d3d_sync_bitmap              [   0.16911] _al_d3d_sync_bitmap (system) ref count == 1
d3d      D          d3d_bmp.cpp:473  _al_d3d_sync_bitmap              [   0.16915] _al_d3d_sync_bitmap (video) ref count == 2
font     D                ttf.c:217  alloc_glyph_region               [   0.17038] Glyph 88: 12x19 (12x20)
font     D                ttf.c:217  alloc_glyph_region               [   0.17045] Glyph 87: 13x19 (16x20)
font     D                ttf.c:217  alloc_glyph_region               [   0.17056] Glyph 43: 12x19 (12x20)
d3d      D          d3d_bmp.cpp:467  _al_d3d_sync_bitmap              [   0.17067] _al_d3d_sync_bitmap (system) ref count == 1
d3d      D          d3d_bmp.cpp:473  _al_d3d_sync_bitmap              [   0.17069] _al_d3d_sync_bitmap (video) ref count == 2
font     D                ttf.c:217  alloc_glyph_region               [   0.17167] Glyph 75: 12x19 (12x20)
font     D                ttf.c:217  alloc_glyph_region               [   0.17174] Glyph 86: 12x19 (12x20)
font     D                ttf.c:217  alloc_glyph_region               [   0.17179] Glyph 70: 12x19 (12x20)
font     D                ttf.c:217  alloc_glyph_region               [   0.17184] Glyph 82: 12x19 (12x20)
font     D                ttf.c:217  alloc_glyph_region               [   0.17193] Glyph 52: 13x19 (16x20)
d3d      D          d3d_bmp.cpp:467  _al_d3d_sync_bitmap              [   0.17211] _al_d3d_sync_bitmap (system) ref count == 1
d3d      D          d3d_bmp.cpp:473  _al_d3d_sync_bitmap              [   0.17213] _al_d3d_sync_bitmap (video) ref count == 2
d3d      D          d3d_bmp.cpp:467  _al_d3d_sync_bitmap              [   0.17528] _al_d3d_sync_bitmap (system) ref count == 1
d3d      D          d3d_bmp.cpp:473  _al_d3d_sync_bitmap              [   0.17536] _al_d3d_sync_bitmap (video) ref count == 2
